<?xml version="1.0" encoding="UTF-8"?>
<testsuite xmlns:xsi="http://www.w3.org/2001/XMLSchema-instance" xsi:noNamespaceSchemaLocation="https://maven.apache.org/surefire/maven-surefire-plugin/xsd/surefire-test-report.xsd" name="fr.polytech.microservices.MicroServices.MicroServicesApplicationTests" time="7.935" tests="5" errors="2" skipped="0" failures="0">
  <properties>
[...]
</properties>
  <testcase name="putProfileShouldReturnConflictError" classname="fr.polytech.microservices.MicroServices.MicroServicesApplicationTests" time="0.666">
    <error message="Request processing failed; nested exception is org.springframework.web.client.ResourceAccessException: I/O error on PUT request for &quot;http://localhost:8081/AS/users&quot;: Connection refused; nested exception is java.net.ConnectException: Connection refused" type="org.springframework.web.util.NestedServletException">org.springframework.web.util.NestedServletException: Request processing failed; nested exception is org.springframework.web.client.ResourceAccessException: I/O error on PUT request for "http://localhost:8081/AS/users": Connection refused; nested exception is java.net.ConnectException: Connection refused
	at fr.polytech.microservices.MicroServices.MicroServicesApplicationTests.putProfileShouldReturnConflictError(MicroServicesApplicationTests.java:53)
Caused by: org.springframework.web.client.ResourceAccessException: I/O error on PUT request for "http://localhost:8081/AS/users": Connection refused; nested exception is java.net.ConnectException: Connection refused
	at fr.polytech.microservices.MicroServices.MicroServicesApplicationTests.putProfileShouldReturnConflictError(MicroServicesApplicationTests.java:53)
Caused by: java.net.ConnectException: Connection refused
	at fr.polytech.microservices.MicroServices.MicroServicesApplicationTests.putProfileShouldReturnConflictError(MicroServicesApplicationTests.java:53)
</error>
    <system-out><![CDATA[10:25:30.034 [main] DEBUG org.springframework.test.context.BootstrapUtils - Instantiating CacheAwareContextLoaderDelegate from class [org.springframework.test.context.cache.DefaultCacheAwareContextLoaderDelegate]
10:25:30.055 [main] DEBUG org.springframework.test.context.BootstrapUtils - Instantiating BootstrapContext using constructor [public org.springframework.test.context.support.DefaultBootstrapContext(java.lang.Class,org.springframework.test.context.CacheAwareContextLoaderDelegate)]
10:25:30.112 [main] DEBUG org.springframework.test.context.BootstrapUtils - Instantiating TestContextBootstrapper for test class [fr.polytech.microservices.MicroServices.MicroServicesApplicationTests] from class [org.springframework.boot.test.context.SpringBootTestContextBootstrapper]
10:25:30.131 [main] INFO org.springframework.boot.test.context.SpringBootTestContextBootstrapper - Neither @ContextConfiguration nor @ContextHierarchy found for test class [fr.polytech.microservices.MicroServices.MicroServicesApplicationTests], using SpringBootContextLoader
10:25:30.137 [main] DEBUG org.springframework.test.context.support.AbstractContextLoader - Did not detect default resource location for test class [fr.polytech.microservices.MicroServices.MicroServicesApplicationTests]: class path resource [fr/polytech/microservices/MicroServices/MicroServicesApplicationTests-context.xml] does not exist
10:25:30.138 [main] DEBUG org.springframework.test.context.support.AbstractContextLoader - Did not detect default resource location for test class [fr.polytech.microservices.MicroServices.MicroServicesApplicationTests]: class path resource [fr/polytech/microservices/MicroServices/MicroServicesApplicationTestsContext.groovy] does not exist
10:25:30.138 [main] INFO org.springframework.test.context.support.AbstractContextLoader - Could not detect default resource locations for test class [fr.polytech.microservices.MicroServices.MicroServicesApplicationTests]: no resource found for suffixes {-context.xml, Context.groovy}.
10:25:30.139 [main] INFO org.springframework.test.context.support.AnnotationConfigContextLoaderUtils - Could not detect default configuration classes for test class [fr.polytech.microservices.MicroServices.MicroServicesApplicationTests]: MicroServicesApplicationTests does not declare any static, non-private, non-final, nested classes annotated with @Configuration.
10:25:30.226 [main] DEBUG org.springframework.test.context.support.ActiveProfilesUtils - Could not find an 'annotation declaring class' for annotation type [org.springframework.test.context.ActiveProfiles] and class [fr.polytech.microservices.MicroServices.MicroServicesApplicationTests]
10:25:30.312 [main] DEBUG org.springframework.context.annotation.ClassPathScanningCandidateComponentProvider - Identified candidate component class: file [/Users/theomichels/Documents/IntelliJ/MicroServiceWeb/MicroServices/target/classes/fr/polytech/microservices/MicroServices/MicroServicesApplication.class]
10:25:30.350 [main] INFO org.springframework.boot.test.context.SpringBootTestContextBootstrapper - Found @SpringBootConfiguration fr.polytech.microservices.MicroServices.MicroServicesApplication for test class fr.polytech.microservices.MicroServices.MicroServicesApplicationTests
10:25:30.450 [main] DEBUG org.springframework.boot.test.context.SpringBootTestContextBootstrapper - @TestExecutionListeners is not present for class [fr.polytech.microservices.MicroServices.MicroServicesApplicationTests]: using defaults.
10:25:30.450 [main] INFO org.springframework.boot.test.context.SpringBootTestContextBootstrapper - Loaded default TestExecutionListener class names from location [META-INF/spring.factories]: [org.springframework.boot.test.mock.mockito.MockitoTestExecutionListener, org.springframework.boot.test.mock.mockito.ResetMocksTestExecutionListener, org.springframework.boot.test.autoconfigure.restdocs.RestDocsTestExecutionListener, org.springframework.boot.test.autoconfigure.web.client.MockRestServiceServerResetTestExecutionListener, org.springframework.boot.test.autoconfigure.web.servlet.MockMvcPrintOnlyOnFailureTestExecutionListener, org.springframework.boot.test.autoconfigure.web.servlet.WebDriverTestExecutionListener, org.springframework.boot.test.autoconfigure.webservices.client.MockWebServiceServerTestExecutionListener, org.springframework.test.context.web.ServletTestExecutionListener, org.springframework.test.context.support.DirtiesContextBeforeModesTestExecutionListener, org.springframework.test.context.event.ApplicationEventsTestExecutionListener, org.springframework.test.context.support.DependencyInjectionTestExecutionListener, org.springframework.test.context.support.DirtiesContextTestExecutionListener, org.springframework.test.context.transaction.TransactionalTestExecutionListener, org.springframework.test.context.jdbc.SqlScriptsTestExecutionListener, org.springframework.test.context.event.EventPublishingTestExecutionListener]
10:25:30.460 [main] DEBUG org.springframework.boot.test.context.SpringBootTestContextBootstrapper - Skipping candidate TestExecutionListener [org.springframework.test.context.transaction.TransactionalTestExecutionListener] due to a missing dependency. Specify custom listener classes or make the default listener classes and their required dependencies available. Offending class: [org/springframework/transaction/interceptor/TransactionAttributeSource]
10:25:30.460 [main] DEBUG org.springframework.boot.test.context.SpringBootTestContextBootstrapper - Skipping candidate TestExecutionListener [org.springframework.test.context.jdbc.SqlScriptsTestExecutionListener] due to a missing dependency. Specify custom listener classes or make the default listener classes and their required dependencies available. Offending class: [org/springframework/transaction/interceptor/TransactionAttribute]
10:25:30.461 [main] INFO org.springframework.boot.test.context.SpringBootTestContextBootstrapper - Using TestExecutionListeners: [org.springframework.test.context.web.ServletTestExecutionListener@3c01cfa1, org.springframework.test.context.support.DirtiesContextBeforeModesTestExecutionListener@45d2ade3, org.springframework.test.context.event.ApplicationEventsTestExecutionListener@727eb8cb, org.springframework.boot.test.mock.mockito.MockitoTestExecutionListener@39d9314d, org.springframework.boot.test.autoconfigure.SpringBootDependencyInjectionTestExecutionListener@b978d10, org.springframework.test.context.support.DirtiesContextTestExecutionListener@5b7a8434, org.springframework.test.context.event.EventPublishingTestExecutionListener@5c45d770, org.springframework.boot.test.mock.mockito.ResetMocksTestExecutionListener@2ce6c6ec, org.springframework.boot.test.autoconfigure.restdocs.RestDocsTestExecutionListener@1bae316d, org.springframework.boot.test.autoconfigure.web.client.MockRestServiceServerResetTestExecutionListener@147a5d08, org.springframework.boot.test.autoconfigure.web.servlet.MockMvcPrintOnlyOnFailureTestExecutionListener@6676f6a0, org.springframework.boot.test.autoconfigure.web.servlet.WebDriverTestExecutionListener@7cbd9d24, org.springframework.boot.test.autoconfigure.webservices.client.MockWebServiceServerTestExecutionListener@1672fe87]
10:25:30.466 [main] DEBUG org.springframework.test.context.support.AbstractDirtiesContextTestExecutionListener - Before test class: context [DefaultTestContext@4278284b testClass = MicroServicesApplicationTests, testInstance = [null], testMethod = [null], testException = [null], mergedContextConfiguration = [WebMergedContextConfiguration@9573584 testClass = MicroServicesApplicationTests, locations = '{}', classes = '{class fr.polytech.microservices.MicroServices.MicroServicesApplication}', contextInitializerClasses = '[]', activeProfiles = '{}', propertySourceLocations = '{}', propertySourceProperties = '{org.springframework.boot.test.context.SpringBootTestContextBootstrapper=true}', contextCustomizers = set[[ImportsContextCustomizer@3370f42 key = [org.springframework.boot.test.autoconfigure.web.servlet.MockMvcAutoConfiguration, org.springframework.boot.test.autoconfigure.web.servlet.MockMvcWebClientAutoConfiguration, org.springframework.boot.test.autoconfigure.web.servlet.MockMvcWebDriverAutoConfiguration, org.springframework.boot.autoconfigure.security.oauth2.client.servlet.OAuth2ClientAutoConfiguration, org.springframework.boot.autoconfigure.security.oauth2.resource.servlet.OAuth2ResourceServerAutoConfiguration, org.springframework.boot.autoconfigure.security.servlet.SecurityAutoConfiguration, org.springframework.boot.autoconfigure.security.servlet.SecurityFilterAutoConfiguration, org.springframework.boot.autoconfigure.security.servlet.UserDetailsServiceAutoConfiguration, org.springframework.boot.test.autoconfigure.web.servlet.MockMvcSecurityConfiguration]], org.springframework.boot.test.context.filter.ExcludeFilterContextCustomizer@1bb266b3, org.springframework.boot.test.json.DuplicateJsonObjectContextCustomizerFactory$DuplicateJsonObjectContextCustomizer@5136d012, org.springframework.boot.test.mock.mockito.MockitoContextCustomizer@0, org.springframework.boot.test.web.client.TestRestTemplateContextCustomizer@19d481b, org.springframework.boot.test.autoconfigure.actuate.metrics.MetricsExportContextCustomizerFactory$DisableMetricExportContextCustomizer@7671cb68, org.springframework.boot.test.autoconfigure.properties.PropertyMappingContextCustomizer@4b3fa0b3, org.springframework.boot.test.autoconfigure.web.servlet.WebDriverContextCustomizerFactory$Customizer@696da30b, org.springframework.boot.test.context.SpringBootTestArgs@1, org.springframework.boot.test.context.SpringBootTestWebEnvironment@5ec0a365], resourceBasePath = 'src/main/webapp', contextLoader = 'org.springframework.boot.test.context.SpringBootContextLoader', parent = [null]], attributes = map['org.springframework.test.context.web.ServletTestExecutionListener.activateListener' -> true]], class annotated with @DirtiesContext [true] with mode [AFTER_EACH_TEST_METHOD].
10:25:30.534 [main] DEBUG org.springframework.test.context.support.TestPropertySourceUtils - Adding inlined properties to environment: {spring.jmx.enabled=false, org.springframework.boot.test.context.SpringBootTestContextBootstrapper=true}

  .   ____          _            __ _ _
 /\\ / ___'_ __ _ _(_)_ __  __ _ \ \ \ \
( ( )\___ | '_ | '_| | '_ \/ _` | \ \ \ \
 \\/  ___)| |_)| | | | | || (_| |  ) ) ) )
  '  |____| .__|_| |_|_| |_\__, | / / / /
 =========|_|==============|___/=/_/_/_/
 :: Spring Boot ::                (v2.5.5)

2021-11-30 10:25:30.942  INFO 5082 --- [           main] f.p.m.M.MicroServicesApplicationTests    : Starting MicroServicesApplicationTests using Java 16.0.1 on MacBook-Pro-de-Theo-2.local with PID 5082 (started by theomichels in /Users/theomichels/Documents/IntelliJ/MicroServiceWeb/MicroServices)
2021-11-30 10:25:30.950  INFO 5082 --- [           main] f.p.m.M.MicroServicesApplicationTests    : No active profile set, falling back to default profiles: default
2021-11-30 10:25:33.419  INFO 5082 --- [           main] o.s.b.t.m.w.SpringBootMockServletContext : Initializing Spring TestDispatcherServlet ''
2021-11-30 10:25:33.419  INFO 5082 --- [           main] o.s.t.web.servlet.TestDispatcherServlet  : Initializing Servlet ''
2021-11-30 10:25:33.421  INFO 5082 --- [           main] o.s.t.web.servlet.TestDispatcherServlet  : Completed initialization in 2 ms
2021-11-30 10:25:33.458  INFO 5082 --- [           main] f.p.m.M.MicroServicesApplicationTests    : Started MicroServicesApplicationTests in 2.91 seconds (JVM running for 4.283)
2021-11-30 10:25:34.081  INFO 5082 --- [           main] f.p.m.MicroServices.ProfileController    : http://localhost:8081/AS/users
]]></system-out>
  </testcase>
  <testcase name="putProfileShouldReturnSyntaxError" classname="fr.polytech.microservices.MicroServices.MicroServicesApplicationTests" time="0.082"/>
  <testcase name="getProfilesShouldReturnEmptyArray" classname="fr.polytech.microservices.MicroServices.MicroServicesApplicationTests" time="0.148"/>
  <testcase name="putProfileShouldSucceed" classname="fr.polytech.microservices.MicroServices.MicroServicesApplicationTests" time="0.031">
    <error message="Request processing failed; nested exception is org.springframework.web.client.ResourceAccessException: I/O error on PUT request for &quot;http://localhost:8081/AS/users&quot;: Connection refused; nested exception is java.net.ConnectException: Connection refused" type="org.springframework.web.util.NestedServletException">org.springframework.web.util.NestedServletException: Request processing failed; nested exception is org.springframework.web.client.ResourceAccessException: I/O error on PUT request for "http://localhost:8081/AS/users": Connection refused; nested exception is java.net.ConnectException: Connection refused
	at fr.polytech.microservices.MicroServices.MicroServicesApplicationTests.putProfileShouldSucceed(MicroServicesApplicationTests.java:39)
Caused by: org.springframework.web.client.ResourceAccessException: I/O error on PUT request for "http://localhost:8081/AS/users": Connection refused; nested exception is java.net.ConnectException: Connection refused
	at fr.polytech.microservices.MicroServices.MicroServicesApplicationTests.putProfileShouldSucceed(MicroServicesApplicationTests.java:39)
Caused by: java.net.ConnectException: Connection refused
	at fr.polytech.microservices.MicroServices.MicroServicesApplicationTests.putProfileShouldSucceed(MicroServicesApplicationTests.java:39)
</error>
    <system-out><![CDATA[
  .   ____          _            __ _ _
 /\\ / ___'_ __ _ _(_)_ __  __ _ \ \ \ \
( ( )\___ | '_ | '_| | '_ \/ _` | \ \ \ \
 \\/  ___)| |_)| | | | | || (_| |  ) ) ) )
  '  |____| .__|_| |_|_| |_\__, | / / / /
 =========|_|==============|___/=/_/_/_/
 :: Spring Boot ::                (v2.5.5)

2021-11-30 10:25:36.223  INFO 5082 --- [           main] f.p.m.M.MicroServicesApplicationTests    : Starting MicroServicesApplicationTests using Java 16.0.1 on MacBook-Pro-de-Theo-2.local with PID 5082 (started by theomichels in /Users/theomichels/Documents/IntelliJ/MicroServiceWeb/MicroServices)
2021-11-30 10:25:36.227  INFO 5082 --- [           main] f.p.m.M.MicroServicesApplicationTests    : No active profile set, falling back to default profiles: default
2021-11-30 10:25:36.890  INFO 5082 --- [           main] o.s.b.t.m.w.SpringBootMockServletContext : Initializing Spring TestDispatcherServlet ''
2021-11-30 10:25:36.892  INFO 5082 --- [           main] o.s.t.web.servlet.TestDispatcherServlet  : Initializing Servlet ''
2021-11-30 10:25:36.892  INFO 5082 --- [           main] o.s.t.web.servlet.TestDispatcherServlet  : Completed initialization in 0 ms
2021-11-30 10:25:36.901  INFO 5082 --- [           main] f.p.m.M.MicroServicesApplicationTests    : Started MicroServicesApplicationTests in 0.784 seconds (JVM running for 7.725)
2021-11-30 10:25:36.930  INFO 5082 --- [           main] f.p.m.MicroServices.ProfileController    : http://localhost:8081/AS/users
]]></system-out>
  </testcase>
  <testcase name="putProfileShouldReturnNullValueError" classname="fr.polytech.microservices.MicroServices.MicroServicesApplicationTests" time="0.107"/>
</testsuite>